[2026-07-03 21:21:08] [INFO]: Tạo người dùng thành công: quan123
[2026-07-03 21:23:21] [INFO]: Tạo người dùng thành công: quan123
[2026-07-03 21:26:14] [ERROR]: Lỗi tạo người dùng: Illegal arguments: undefined, string
[2026-07-09 21:49:49] [INFO]: Tạo danh mục thành công: NODE JS
[2026-07-09 22:01:47] [INFO]: Tạo danh mục thành công: FE
[2026-07-09 22:01:52] [INFO]: Tạo danh mục thành công: BE
[2026-07-10 20:21:06] [INFO]: Tạo người dùng thành công: phuc119
[2026-07-10 20:21:09] [INFO]: Tạo người dùng thành công: phuc119
[2026-07-10 20:21:10] [INFO]: Tạo người dùng thành công: phuc119
[2026-07-10 20:21:16] [INFO]: Tạo người dùng thành công: phuc119
[2026-07-10 20:27:25] [ERROR]: Lỗi tạo người dùng: Tên đăng nhập này đã được sử dụng
[2026-07-10 20:28:23] [ERROR]: Lỗi tạo người dùng: Tên đăng nhập này đã được sử dụng
[2026-07-10 20:29:37] [ERROR]: Lỗi tạo người dùng: Tên đăng nhập này đã được sử dụng
[2026-07-10 20:37:09] [ERROR]: Lỗi tạo người dùng: Tên đăng nhập này đã được sử dụng: phuc119
[2026-07-10 20:39:23] [ERROR]: Lỗi tạo người dùng: Tên đăng nhập này đã được sử dụng: phuc119
[2026-07-10 20:39:50] [ERROR]: Lỗi tạo người dùng: Tên đăng nhập này đã được sử dụng: phuc119
[2026-07-10 20:40:51] [ERROR]: Lỗi tạo người dùng: Tên đăng nhập này đã được sử dụng: phuc119
[2026-07-10 20:41:25] [ERROR]: Lỗi tạo người dùng: Tên đăng nhập này đã được sử dụng: phuc119
[2026-07-10 20:42:00] [ERROR]: Lỗi tạo người dùng: Tên đăng nhập này đã được sử dụng: phuc119
[2026-07-10 20:42:22] [INFO]: Tạo người dùng thành công: phuc11901
[2026-07-12 13:33:46] [INFO]: Tạo người dùng thành công: phuc119
[2026-07-12 13:35:00] [INFO]: Tạo người dùng thành công: quan123
[2026-07-12 13:40:45] [INFO]: Tạo người dùng thành công: duyen96
[2026-07-12 14:08:18] [INFO]: Tạo người dùng thành công: loc111
[2026-07-12 14:09:26] [INFO]: Tạo người dùng thành công: test111
[2026-07-13 09:07:50] [INFO]: Tạo người dùng thành công: quan12345
